# JRE version: Java(TM) SE Runtime Environment (8.0_171-b11) (build 1.8.0_171-b11)
# Java VM: Java HotSpot(TM) 64-Bit Server VM (25.171-b11 mixed mode windows-amd64 compressed oops)
Heap:
 PSYoungGen      total 71680K, used 11335K [0x00000000d5d80000, 0x00000000df480000, 0x0000000100000000)
  eden space 66560K, 17% used [0x00000000d5d80000,0x00000000d6891d70,0x00000000d9e80000)
  from space 5120K, 0% used [0x00000000d9e80000,0x00000000d9e80000,0x00000000da380000)
  to   space 10752K, 0% used [0x00000000dea00000,0x00000000dea00000,0x00000000df480000)
 ParOldGen       total 55808K, used 10221K [0x0000000081800000, 0x0000000084e80000, 0x00000000d5d80000)
  object space 55808K, 18% used [0x0000000081800000,0x00000000821fb558,0x0000000084e80000)
 Metaspace       used 21485K, capacity 21748K, committed 22016K, reserved 1069056K
  class space    used 2993K, capacity 3064K, committed 3072K, reserved 1048576K
GC Heap History (10 events):
Event: 2.546 GC heap before
{Heap before GC invocations=2 (full 0):
 PSYoungGen      total 38400K, used 38343K [0x00000000d5d80000, 0x00000000d8800000, 0x0000000100000000)
  eden space 33280K, 100% used [0x00000000d5d80000,0x00000000d7e00000,0x00000000d7e00000)
  from space 5120K, 98% used [0x00000000d7e00000,0x00000000d82f1f20,0x00000000d8300000)
  to   space 5120K, 0% used [0x00000000d8300000,0x00000000d8300000,0x00000000d8800000)
 ParOldGen       total 87552K, used 8K [0x0000000081800000, 0x0000000086d80000, 0x00000000d5d80000)
  object space 87552K, 0% used [0x0000000081800000,0x0000000081802000,0x0000000086d80000)
 Metaspace       used 11257K, capacity 11512K, committed 11648K, reserved 1058816K
  class space    used 1578K, capacity 1640K, committed 1664K, reserved 1048576K
Event: 2.557 GC heap after
Heap after GC invocations=2 (full 0):
 PSYoungGen      total 38400K, used 5099K [0x00000000d5d80000, 0x00000000da880000, 0x0000000100000000)
  eden space 33280K, 0% used [0x00000000d5d80000,0x00000000d5d80000,0x00000000d7e00000)
  from space 5120K, 99% used [0x00000000d8300000,0x00000000d87fae18,0x00000000d8800000)
  to   space 5120K, 0% used [0x00000000d7e00000,0x00000000d7e00000,0x00000000d8300000)
 ParOldGen       total 87552K, used 209K [0x0000000081800000, 0x0000000086d80000, 0x00000000d5d80000)
  object space 87552K, 0% used [0x0000000081800000,0x00000000818346d0,0x0000000086d80000)
 Metaspace       used 11257K, capacity 11512K, committed 11648K, reserved 1058816K
  class space    used 1578K, capacity 1640K, committed 1664K, reserved 1048576K
}
Event: 3.877 GC heap before
{Heap before GC invocations=3 (full 0):
 PSYoungGen      total 38400K, used 38379K [0x00000000d5d80000, 0x00000000da880000, 0x0000000100000000)
  eden space 33280K, 100% used [0x00000000d5d80000,0x00000000d7e00000,0x00000000d7e00000)
  from space 5120K, 99% used [0x00000000d8300000,0x00000000d87fae18,0x00000000d8800000)
  to   space 5120K, 0% used [0x00000000d7e00000,0x00000000d7e00000,0x00000000d8300000)
 ParOldGen       total 87552K, used 209K [0x0000000081800000, 0x0000000086d80000, 0x00000000d5d80000)
  object space 87552K, 0% used [0x0000000081800000,0x00000000818346d0,0x0000000086d80000)
 Metaspace       used 17130K, capacity 17354K, committed 17664K, reserved 1064960K
  class space    used 2377K, capacity 2476K, committed 2560K, reserved 1048576K
Event: 3.890 GC heap after
Heap after GC invocations=3 (full 0):
 PSYoungGen      total 38400K, used 5088K [0x00000000d5d80000, 0x00000000da880000, 0x0000000100000000)
  eden space 33280K, 0% used [0x00000000d5d80000,0x00000000d5d80000,0x00000000d7e00000)
  from space 5120K, 99% used [0x00000000d7e00000,0x00000000d82f8020,0x00000000d8300000)
  to   space 5120K, 0% used [0x00000000da380000,0x00000000da380000,0x00000000da880000)
 ParOldGen       total 87552K, used 4444K [0x0000000081800000, 0x0000000086d80000, 0x00000000d5d80000)
  object space 87552K, 5% used [0x0000000081800000,0x0000000081c572f0,0x0000000086d80000)
 Metaspace       used 17130K, capacity 17354K, committed 17664K, reserved 1064960K
  class space    used 2377K, capacity 2476K, committed 2560K, reserved 1048576K
}
Event: 4.566 GC heap before
{Heap before GC invocations=4 (full 0):
 PSYoungGen      total 38400K, used 38368K [0x00000000d5d80000, 0x00000000da880000, 0x0000000100000000)
  eden space 33280K, 100% used [0x00000000d5d80000,0x00000000d7e00000,0x00000000d7e00000)
  from space 5120K, 99% used [0x00000000d7e00000,0x00000000d82f8020,0x00000000d8300000)
  to   space 5120K, 0% used [0x00000000da380000,0x00000000da380000,0x00000000da880000)
 ParOldGen       total 87552K, used 4444K [0x0000000081800000, 0x0000000086d80000, 0x00000000d5d80000)
  object space 87552K, 5% used [0x0000000081800000,0x0000000081c572f0,0x0000000086d80000)
 Metaspace       used 20536K, capacity 20770K, committed 20864K, reserved 1067008K
  class space    used 2849K, capacity 2930K, committed 2944K, reserved 1048576K
Event: 4.578 GC heap after
Heap after GC invocations=4 (full 0):
 PSYoungGen      total 71680K, used 5104K [0x00000000d5d80000, 0x00000000da880000, 0x0000000100000000)
  eden space 66560K, 0% used [0x00000000d5d80000,0x00000000d5d80000,0x00000000d9e80000)
  from space 5120K, 99% used [0x00000000da380000,0x00000000da87c020,0x00000000da880000)
  to   space 5120K, 0% used [0x00000000d9e80000,0x00000000d9e80000,0x00000000da380000)
 ParOldGen       total 87552K, used 8430K [0x0000000081800000, 0x0000000086d80000, 0x00000000d5d80000)
  object space 87552K, 9% used [0x0000000081800000,0x000000008203bba8,0x0000000086d80000)
 Metaspace       used 20536K, capacity 20770K, committed 20864K, reserved 1067008K
  class space    used 2849K, capacity 2930K, committed 2944K, reserved 1048576K
}
Event: 4.628 GC heap before
{Heap before GC invocations=5 (full 0):
 PSYoungGen      total 71680K, used 9036K [0x00000000d5d80000, 0x00000000da880000, 0x0000000100000000)
  eden space 66560K, 5% used [0x00000000d5d80000,0x00000000d61572d8,0x00000000d9e80000)
  from space 5120K, 99% used [0x00000000da380000,0x00000000da87c020,0x00000000da880000)
  to   space 5120K, 0% used [0x00000000d9e80000,0x00000000d9e80000,0x00000000da380000)
 ParOldGen       total 87552K, used 8430K [0x0000000081800000, 0x0000000086d80000, 0x00000000d5d80000)
  object space 87552K, 9% used [0x0000000081800000,0x000000008203bba8,0x0000000086d80000)
 Metaspace       used 20832K, capacity 21076K, committed 21248K, reserved 1067008K
  class space    used 2888K, capacity 2968K, committed 3072K, reserved 1048576K
Event: 4.638 GC heap after
Heap after GC invocations=5 (full 0):
 PSYoungGen      total 71680K, used 5108K [0x00000000d5d80000, 0x00000000df480000, 0x0000000100000000)
  eden space 66560K, 0% used [0x00000000d5d80000,0x00000000d5d80000,0x00000000d9e80000)
  from space 5120K, 99% used [0x00000000d9e80000,0x00000000da37d040,0x00000000da380000)
  to   space 10752K, 0% used [0x00000000dea00000,0x00000000dea00000,0x00000000df480000)
 ParOldGen       total 87552K, used 8831K [0x0000000081800000, 0x0000000086d80000, 0x00000000d5d80000)
  object space 87552K, 10% used [0x0000000081800000,0x000000008209ff10,0x0000000086d80000)
 Metaspace       used 20832K, capacity 21076K, committed 21248K, reserved 1067008K
  class space    used 2888K, capacity 2968K, committed 3072K, reserved 1048576K
}
Event: 4.638 GC heap before
{Heap before GC invocations=6 (full 1):
 PSYoungGen      total 71680K, used 5108K [0x00000000d5d80000, 0x00000000df480000, 0x0000000100000000)
  eden space 66560K, 0% used [0x00000000d5d80000,0x00000000d5d80000,0x00000000d9e80000)
  from space 5120K, 99% used [0x00000000d9e80000,0x00000000da37d040,0x00000000da380000)
  to   space 10752K, 0% used [0x00000000dea00000,0x00000000dea00000,0x00000000df480000)
 ParOldGen       total 87552K, used 8831K [0x0000000081800000, 0x0000000086d80000, 0x00000000d5d80000)
  object space 87552K, 10% used [0x0000000081800000,0x000000008209ff10,0x0000000086d80000)
 Metaspace       used 20832K, capacity 21076K, committed 21248K, reserved 1067008K
  class space    used 2888K, capacity 2968K, committed 3072K, reserved 1048576K
Event: 4.698 GC heap after
Heap after GC invocations=6 (full 1):
 PSYoungGen      total 71680K, used 0K [0x00000000d5d80000, 0x00000000df480000, 0x0000000100000000)
  eden space 66560K, 0% used [0x00000000d5d80000,0x00000000d5d80000,0x00000000d9e80000)
  from space 5120K, 0% used [0x00000000d9e80000,0x00000000d9e80000,0x00000000da380000)
  to   space 10752K, 0% used [0x00000000dea00000,0x00000000dea00000,0x00000000df480000)
 ParOldGen       total 55808K, used 10221K [0x0000000081800000, 0x0000000084e80000, 0x00000000d5d80000)
  object space 55808K, 18% used [0x0000000081800000,0x00000000821fb558,0x0000000084e80000)
 Metaspace       used 20832K, capacity 21076K, committed 21248K, reserved 1067008K
  class space    used 2888K, capacity 2968K, committed 3072K, reserved 1048576K
}

