# JRE version: Java(TM) SE Runtime Environment (8.0_171-b11) (build 1.8.0_171-b11)
# Java VM: Java HotSpot(TM) 64-Bit Server VM (25.171-b11 mixed mode windows-amd64 compressed oops)
Heap:
 PSYoungGen      total 231936K, used 172111K [0x00000000d5d80000, 0x00000000e5b80000, 0x0000000100000000)
  eden space 218624K, 78% used [0x00000000d5d80000,0x00000000e0593d10,0x00000000e3300000)
  from space 13312K, 0% used [0x00000000e4180000,0x00000000e4180000,0x00000000e4e80000)
  to   space 14848K, 0% used [0x00000000e3300000,0x00000000e3300000,0x00000000e4180000)
 ParOldGen       total 71680K, used 19268K [0x0000000081800000, 0x0000000085e00000, 0x00000000d5d80000)
  object space 71680K, 26% used [0x0000000081800000,0x0000000082ad1268,0x0000000085e00000)
 Metaspace       used 45796K, capacity 46960K, committed 47192K, reserved 1089536K
  class space    used 6422K, capacity 6753K, committed 6784K, reserved 1048576K
GC Heap History (10 events):
Event: 6.575 GC heap before
{Heap before GC invocations=6 (full 1):
 PSYoungGen      total 71680K, used 5092K [0x00000000d5d80000, 0x00000000df480000, 0x0000000100000000)
  eden space 66560K, 0% used [0x00000000d5d80000,0x00000000d5d80000,0x00000000d9e80000)
  from space 5120K, 99% used [0x00000000d9e80000,0x00000000da379050,0x00000000da380000)
  to   space 10752K, 0% used [0x00000000dea00000,0x00000000dea00000,0x00000000df480000)
 ParOldGen       total 87552K, used 8809K [0x0000000081800000, 0x0000000086d80000, 0x00000000d5d80000)
  object space 87552K, 10% used [0x0000000081800000,0x000000008209a608,0x0000000086d80000)
 Metaspace       used 20809K, capacity 21064K, committed 21248K, reserved 1067008K
  class space    used 2887K, capacity 2966K, committed 3072K, reserved 1048576K
Event: 6.683 GC heap after
Heap after GC invocations=6 (full 1):
 PSYoungGen      total 71680K, used 0K [0x00000000d5d80000, 0x00000000df480000, 0x0000000100000000)
  eden space 66560K, 0% used [0x00000000d5d80000,0x00000000d5d80000,0x00000000d9e80000)
  from space 5120K, 0% used [0x00000000d9e80000,0x00000000d9e80000,0x00000000da380000)
  to   space 10752K, 0% used [0x00000000dea00000,0x00000000dea00000,0x00000000df480000)
 ParOldGen       total 53760K, used 10081K [0x0000000081800000, 0x0000000084c80000, 0x00000000d5d80000)
  object space 53760K, 18% used [0x0000000081800000,0x00000000821d8498,0x0000000084c80000)
 Metaspace       used 20809K, capacity 21064K, committed 21248K, reserved 1067008K
  class space    used 2887K, capacity 2966K, committed 3072K, reserved 1048576K
}
Event: 8.597 GC heap before
{Heap before GC invocations=7 (full 1):
 PSYoungGen      total 71680K, used 66560K [0x00000000d5d80000, 0x00000000df480000, 0x0000000100000000)
  eden space 66560K, 100% used [0x00000000d5d80000,0x00000000d9e80000,0x00000000d9e80000)
  from space 5120K, 0% used [0x00000000d9e80000,0x00000000d9e80000,0x00000000da380000)
  to   space 10752K, 0% used [0x00000000dea00000,0x00000000dea00000,0x00000000df480000)
 ParOldGen       total 53760K, used 10081K [0x0000000081800000, 0x0000000084c80000, 0x00000000d5d80000)
  object space 53760K, 18% used [0x0000000081800000,0x00000000821d8498,0x0000000084c80000)
 Metaspace       used 26543K, capacity 26976K, committed 27264K, reserved 1073152K
  class space    used 3723K, capacity 3891K, committed 3968K, reserved 1048576K
Event: 8.605 GC heap after
Heap after GC invocations=7 (full 1):
 PSYoungGen      total 129024K, used 6442K [0x00000000d5d80000, 0x00000000df080000, 0x0000000100000000)
  eden space 122368K, 0% used [0x00000000d5d80000,0x00000000d5d80000,0x00000000dd500000)
  from space 6656K, 96% used [0x00000000dea00000,0x00000000df04a920,0x00000000df080000)
  to   space 10240K, 0% used [0x00000000ddc80000,0x00000000ddc80000,0x00000000de680000)
 ParOldGen       total 53760K, used 10089K [0x0000000081800000, 0x0000000084c80000, 0x00000000d5d80000)
  object space 53760K, 18% used [0x0000000081800000,0x00000000821da498,0x0000000084c80000)
 Metaspace       used 26543K, capacity 26976K, committed 27264K, reserved 1073152K
  class space    used 3723K, capacity 3891K, committed 3968K, reserved 1048576K
}
Event: 15.667 GC heap before
{Heap before GC invocations=8 (full 1):
 PSYoungGen      total 129024K, used 128810K [0x00000000d5d80000, 0x00000000df080000, 0x0000000100000000)
  eden space 122368K, 100% used [0x00000000d5d80000,0x00000000dd500000,0x00000000dd500000)
  from space 6656K, 96% used [0x00000000dea00000,0x00000000df04a920,0x00000000df080000)
  to   space 10240K, 0% used [0x00000000ddc80000,0x00000000ddc80000,0x00000000de680000)
 ParOldGen       total 53760K, used 10089K [0x0000000081800000, 0x0000000084c80000, 0x00000000d5d80000)
  object space 53760K, 18% used [0x0000000081800000,0x00000000821da498,0x0000000084c80000)
 Metaspace       used 34037K, capacity 34542K, committed 35072K, reserved 1079296K
  class space    used 4667K, capacity 4812K, committed 4864K, reserved 1048576K
Event: 15.684 GC heap after
Heap after GC invocations=8 (full 1):
 PSYoungGen      total 140288K, used 10216K [0x00000000d5d80000, 0x00000000e4e80000, 0x0000000100000000)
  eden space 130048K, 0% used [0x00000000d5d80000,0x00000000d5d80000,0x00000000ddc80000)
  from space 10240K, 99% used [0x00000000ddc80000,0x00000000de67a120,0x00000000de680000)
  to   space 13312K, 0% used [0x00000000e4180000,0x00000000e4180000,0x00000000e4e80000)
 ParOldGen       total 53760K, used 13890K [0x0000000081800000, 0x0000000084c80000, 0x00000000d5d80000)
  object space 53760K, 25% used [0x0000000081800000,0x0000000082590b18,0x0000000084c80000)
 Metaspace       used 34037K, capacity 34542K, committed 35072K, reserved 1079296K
  class space    used 4667K, capacity 4812K, committed 4864K, reserved 1048576K
}
Event: 16.400 GC heap before
{Heap before GC invocations=9 (full 1):
 PSYoungGen      total 140288K, used 36170K [0x00000000d5d80000, 0x00000000e4e80000, 0x0000000100000000)
  eden space 130048K, 19% used [0x00000000d5d80000,0x00000000d76d8ad0,0x00000000ddc80000)
  from space 10240K, 99% used [0x00000000ddc80000,0x00000000de67a120,0x00000000de680000)
  to   space 13312K, 0% used [0x00000000e4180000,0x00000000e4180000,0x00000000e4e80000)
 ParOldGen       total 53760K, used 13890K [0x0000000081800000, 0x0000000084c80000, 0x00000000d5d80000)
  object space 53760K, 25% used [0x0000000081800000,0x0000000082590b18,0x0000000084c80000)
 Metaspace       used 34584K, capacity 35156K, committed 35416K, reserved 1079296K
  class space    used 4758K, capacity 4931K, committed 4992K, reserved 1048576K
Event: 16.420 GC heap after
Heap after GC invocations=9 (full 1):
 PSYoungGen      total 231936K, used 12040K [0x00000000d5d80000, 0x00000000e5b80000, 0x0000000100000000)
  eden space 218624K, 0% used [0x00000000d5d80000,0x00000000d5d80000,0x00000000e3300000)
  from space 13312K, 90% used [0x00000000e4180000,0x00000000e4d421d8,0x00000000e4e80000)
  to   space 14848K, 0% used [0x00000000e3300000,0x00000000e3300000,0x00000000e4180000)
 ParOldGen       total 53760K, used 13898K [0x0000000081800000, 0x0000000084c80000, 0x00000000d5d80000)
  object space 53760K, 25% used [0x0000000081800000,0x0000000082592b18,0x0000000084c80000)
 Metaspace       used 34584K, capacity 35156K, committed 35416K, reserved 1079296K
  class space    used 4758K, capacity 4931K, committed 4992K, reserved 1048576K
}
Event: 16.420 GC heap before
{Heap before GC invocations=10 (full 2):
 PSYoungGen      total 231936K, used 12040K [0x00000000d5d80000, 0x00000000e5b80000, 0x0000000100000000)
  eden space 218624K, 0% used [0x00000000d5d80000,0x00000000d5d80000,0x00000000e3300000)
  from space 13312K, 90% used [0x00000000e4180000,0x00000000e4d421d8,0x00000000e4e80000)
  to   space 14848K, 0% used [0x00000000e3300000,0x00000000e3300000,0x00000000e4180000)
 ParOldGen       total 53760K, used 13898K [0x0000000081800000, 0x0000000084c80000, 0x00000000d5d80000)
  object space 53760K, 25% used [0x0000000081800000,0x0000000082592b18,0x0000000084c80000)
 Metaspace       used 34584K, capacity 35156K, committed 35416K, reserved 1079296K
  class space    used 4758K, capacity 4931K, committed 4992K, reserved 1048576K
Event: 16.559 GC heap after
Heap after GC invocations=10 (full 2):
 PSYoungGen      total 231936K, used 0K [0x00000000d5d80000, 0x00000000e5b80000, 0x0000000100000000)
  eden space 218624K, 0% used [0x00000000d5d80000,0x00000000d5d80000,0x00000000e3300000)
  from space 13312K, 0% used [0x00000000e4180000,0x00000000e4180000,0x00000000e4e80000)
  to   space 14848K, 0% used [0x00000000e3300000,0x00000000e3300000,0x00000000e4180000)
 ParOldGen       total 71680K, used 19268K [0x0000000081800000, 0x0000000085e00000, 0x00000000d5d80000)
  object space 71680K, 26% used [0x0000000081800000,0x0000000082ad1268,0x0000000085e00000)
 Metaspace       used 34584K, capacity 35156K, committed 35416K, reserved 1079296K
  class space    used 4758K, capacity 4931K, committed 4992K, reserved 1048576K
}

