# JRE version: Java(TM) SE Runtime Environment (8.0_171-b11) (build 1.8.0_171-b11)
# Java VM: Java HotSpot(TM) 64-Bit Server VM (25.171-b11 mixed mode windows-amd64 compressed oops)
Heap:
 PSYoungGen      total 115200K, used 110002K [0x00000000d5d80000, 0x00000000ddd00000, 0x0000000100000000)
  eden space 103936K, 100% used [0x00000000d5d80000,0x00000000dc300000,0x00000000dc300000)
  from space 11264K, 53% used [0x00000000dd200000,0x00000000dd7ecb30,0x00000000ddd00000)
  to   space 13312K, 86% used [0x00000000dc300000,0x00000000dce48700,0x00000000dd000000)
 ParOldGen       total 94720K, used 21396K [0x0000000081800000, 0x0000000087480000, 0x00000000d5d80000)
  object space 94720K, 22% used [0x0000000081800000,0x0000000082ce5318,0x0000000087480000)
 Metaspace       used 47743K, capacity 48988K, committed 49240K, reserved 1091584K
  class space    used 6694K, capacity 7027K, committed 7040K, reserved 1048576K
GC Heap History (10 events):
Event: 19.854 GC heap after
Heap after GC invocations=8 (full 1):
 PSYoungGen      total 69632K, used 5115K [0x00000000d5d80000, 0x00000000dc380000, 0x0000000100000000)
  eden space 58368K, 0% used [0x00000000d5d80000,0x00000000d5d80000,0x00000000d9680000)
  from space 11264K, 45% used [0x00000000d9680000,0x00000000d9b7ed58,0x00000000da180000)
  to   space 10752K, 0% used [0x00000000db900000,0x00000000db900000,0x00000000dc380000)
 ParOldGen       total 59392K, used 8881K [0x0000000081800000, 0x0000000085200000, 0x00000000d5d80000)
  object space 59392K, 14% used [0x0000000081800000,0x00000000820ac5f8,0x0000000085200000)
 Metaspace       used 26931K, capacity 27296K, committed 27776K, reserved 1073152K
  class space    used 3758K, capacity 3891K, committed 3968K, reserved 1048576K
}
Event: 22.020 GC heap before
{Heap before GC invocations=9 (full 1):
 PSYoungGen      total 69632K, used 63483K [0x00000000d5d80000, 0x00000000dc380000, 0x0000000100000000)
  eden space 58368K, 100% used [0x00000000d5d80000,0x00000000d9680000,0x00000000d9680000)
  from space 11264K, 45% used [0x00000000d9680000,0x00000000d9b7ed58,0x00000000da180000)
  to   space 10752K, 0% used [0x00000000db900000,0x00000000db900000,0x00000000dc380000)
 ParOldGen       total 59392K, used 8881K [0x0000000081800000, 0x0000000085200000, 0x00000000d5d80000)
  object space 59392K, 14% used [0x0000000081800000,0x00000000820ac5f8,0x0000000085200000)
 Metaspace       used 31159K, capacity 31642K, committed 32000K, reserved 1077248K
  class space    used 4314K, capacity 4512K, committed 4608K, reserved 1048576K
Event: 22.030 GC heap after
Heap after GC invocations=9 (full 1):
 PSYoungGen      total 93184K, used 8590K [0x00000000d5d80000, 0x00000000dc880000, 0x0000000100000000)
  eden space 82432K, 0% used [0x00000000d5d80000,0x00000000d5d80000,0x00000000dae00000)
  from space 10752K, 79% used [0x00000000db900000,0x00000000dc163b68,0x00000000dc380000)
  to   space 11264K, 0% used [0x00000000dae00000,0x00000000dae00000,0x00000000db900000)
 ParOldGen       total 59392K, used 8889K [0x0000000081800000, 0x0000000085200000, 0x00000000d5d80000)
  object space 59392K, 14% used [0x0000000081800000,0x00000000820ae5f8,0x0000000085200000)
 Metaspace       used 31159K, capacity 31642K, committed 32000K, reserved 1077248K
  class space    used 4314K, capacity 4512K, committed 4608K, reserved 1048576K
}
Event: 24.544 GC heap before
{Heap before GC invocations=10 (full 1):
 PSYoungGen      total 93184K, used 82793K [0x00000000d5d80000, 0x00000000dc880000, 0x0000000100000000)
  eden space 82432K, 90% used [0x00000000d5d80000,0x00000000da5f69e0,0x00000000dae00000)
  from space 10752K, 79% used [0x00000000db900000,0x00000000dc163b68,0x00000000dc380000)
  to   space 11264K, 0% used [0x00000000dae00000,0x00000000dae00000,0x00000000db900000)
 ParOldGen       total 59392K, used 8889K [0x0000000081800000, 0x0000000085200000, 0x00000000d5d80000)
  object space 59392K, 14% used [0x0000000081800000,0x00000000820ae5f8,0x0000000085200000)
 Metaspace       used 34549K, capacity 35188K, committed 35416K, reserved 1079296K
  class space    used 4766K, capacity 4963K, committed 4992K, reserved 1048576K
Event: 24.564 GC heap after
Heap after GC invocations=10 (full 1):
 PSYoungGen      total 93696K, used 11247K [0x00000000d5d80000, 0x00000000ddf80000, 0x0000000100000000)
  eden space 82432K, 0% used [0x00000000d5d80000,0x00000000d5d80000,0x00000000dae00000)
  from space 11264K, 99% used [0x00000000dae00000,0x00000000db8fbdf8,0x00000000db900000)
  to   space 13824K, 0% used [0x00000000dd200000,0x00000000dd200000,0x00000000ddf80000)
 ParOldGen       total 59392K, used 11718K [0x0000000081800000, 0x0000000085200000, 0x00000000d5d80000)
  object space 59392K, 19% used [0x0000000081800000,0x00000000823718e8,0x0000000085200000)
 Metaspace       used 34549K, capacity 35188K, committed 35416K, reserved 1079296K
  class space    used 4766K, capacity 4963K, committed 4992K, reserved 1048576K
}
Event: 24.564 GC heap before
{Heap before GC invocations=11 (full 2):
 PSYoungGen      total 93696K, used 11247K [0x00000000d5d80000, 0x00000000ddf80000, 0x0000000100000000)
  eden space 82432K, 0% used [0x00000000d5d80000,0x00000000d5d80000,0x00000000dae00000)
  from space 11264K, 99% used [0x00000000dae00000,0x00000000db8fbdf8,0x00000000db900000)
  to   space 13824K, 0% used [0x00000000dd200000,0x00000000dd200000,0x00000000ddf80000)
 ParOldGen       total 59392K, used 11718K [0x0000000081800000, 0x0000000085200000, 0x00000000d5d80000)
  object space 59392K, 19% used [0x0000000081800000,0x00000000823718e8,0x0000000085200000)
 Metaspace       used 34549K, capacity 35188K, committed 35416K, reserved 1079296K
  class space    used 4766K, capacity 4963K, committed 4992K, reserved 1048576K
Event: 24.669 GC heap after
Heap after GC invocations=11 (full 2):
 PSYoungGen      total 93696K, used 0K [0x00000000d5d80000, 0x00000000ddf80000, 0x0000000100000000)
  eden space 82432K, 0% used [0x00000000d5d80000,0x00000000d5d80000,0x00000000dae00000)
  from space 11264K, 0% used [0x00000000dae00000,0x00000000dae00000,0x00000000db900000)
  to   space 13824K, 0% used [0x00000000dd200000,0x00000000dd200000,0x00000000ddf80000)
 ParOldGen       total 94720K, used 21308K [0x0000000081800000, 0x0000000087480000, 0x00000000d5d80000)
  object space 94720K, 22% used [0x0000000081800000,0x0000000082ccf2f0,0x0000000087480000)
 Metaspace       used 34549K, capacity 35188K, committed 35416K, reserved 1079296K
  class space    used 4766K, capacity 4963K, committed 4992K, reserved 1048576K
}
Event: 36.466 GC heap before
{Heap before GC invocations=12 (full 2):
 PSYoungGen      total 93696K, used 82432K [0x00000000d5d80000, 0x00000000ddf80000, 0x0000000100000000)
  eden space 82432K, 100% used [0x00000000d5d80000,0x00000000dae00000,0x00000000dae00000)
  from space 11264K, 0% used [0x00000000dae00000,0x00000000dae00000,0x00000000db900000)
  to   space 13824K, 0% used [0x00000000dd200000,0x00000000dd200000,0x00000000ddf80000)
 ParOldGen       total 94720K, used 21308K [0x0000000081800000, 0x0000000087480000, 0x00000000d5d80000)
  object space 94720K, 22% used [0x0000000081800000,0x0000000082ccf2f0,0x0000000087480000)
 Metaspace       used 42070K, capacity 42736K, committed 42968K, reserved 1085440K
  class space    used 5853K, capacity 6065K, committed 6144K, reserved 1048576K
Event: 36.473 GC heap after
Heap after GC invocations=12 (full 2):
 PSYoungGen      total 115200K, used 6066K [0x00000000d5d80000, 0x00000000ddd00000, 0x0000000100000000)
  eden space 103936K, 0% used [0x00000000d5d80000,0x00000000d5d80000,0x00000000dc300000)
  from space 11264K, 53% used [0x00000000dd200000,0x00000000dd7ecb30,0x00000000ddd00000)
  to   space 13312K, 0% used [0x00000000dc300000,0x00000000dc300000,0x00000000dd000000)
 ParOldGen       total 94720K, used 21388K [0x0000000081800000, 0x0000000087480000, 0x00000000d5d80000)
  object space 94720K, 22% used [0x0000000081800000,0x0000000082ce3318,0x0000000087480000)
 Metaspace       used 42070K, capacity 42736K, committed 42968K, reserved 1085440K
  class space    used 5853K, capacity 6065K, committed 6144K, reserved 1048576K
}
Event: 42.422 GC heap before
{Heap before GC invocations=13 (full 2):
 PSYoungGen      total 115200K, used 110002K [0x00000000d5d80000, 0x00000000ddd00000, 0x0000000100000000)
  eden space 103936K, 100% used [0x00000000d5d80000,0x00000000dc300000,0x00000000dc300000)
  from space 11264K, 53% used [0x00000000dd200000,0x00000000dd7ecb30,0x00000000ddd00000)
  to   space 13312K, 0% used [0x00000000dc300000,0x00000000dc300000,0x00000000dd000000)
 ParOldGen       total 94720K, used 21388K [0x0000000081800000, 0x0000000087480000, 0x00000000d5d80000)
  object space 94720K, 22% used [0x0000000081800000,0x0000000082ce3318,0x0000000087480000)
 Metaspace       used 47743K, capacity 48988K, committed 49240K, reserved 1091584K
  class space    used 6694K, capacity 7027K, committed 7040K, reserved 1048576K

